This file contains any messages produced by compilers while
running configure, to aid debugging if configure makes a mistake.

It was created by ggadt configure v0.16, which was
generated by GNU Autoconf 2.69.  Invocation command line was

  $ configure 

## --------- ##
## Platform. ##
## --------- ##

hostname = nat-oitwireless-outside-vapornet3-a-83.princeton.edu
uname -m = x86_64
uname -r = 13.0.0
uname -s = Darwin
uname -v = Darwin Kernel Version 13.0.0: Thu Sep 19 22:22:27 PDT 2013; root:xnu-2422.1.72~6/RELEASE_X86_64

/usr/bin/uname -p = i386
/bin/uname -X     = unknown

/bin/arch              = unknown
/usr/bin/arch -k       = unknown
/usr/convex/getsysinfo = unknown
/usr/bin/hostinfo      = Mach kernel version:
	 Darwin Kernel Version 13.0.0: Thu Sep 19 22:22:27 PDT 2013; root:xnu-2422.1.72~6/RELEASE_X86_64
Kernel configured for up to 8 processors.
4 processors are physically available.
8 processors are logically available.
Processor type: i486 (Intel 80486)
Processors active: 0 1 2 3 4 5 6 7
Primary memory available: 8.00 gigabytes
Default processor set: 250 tasks, 1493 threads, 8 processors
Load average: 1.51, Mach factor: 6.48
/bin/machine           = unknown
/usr/bin/oslevel       = unknown
/bin/universe          = unknown

PATH: /opt/local/bin
PATH: /opt/local/sbin
PATH: /usr/local/opt/coreutils/libexec/gnubin
PATH: //anaconda/bin
PATH: /usr/bin
PATH: /bin
PATH: /usr/sbin
PATH: /sbin
PATH: /usr/local/bin
PATH: /usr/texbin


## ----------- ##
## Core tests. ##
## ----------- ##

configure:1776: checking for gfortran
configure:1806: result: no
configure:1829: checking for Fortran compiler version
configure:1838:  --version >&5
configure: line 1840: --version: command not found
configure:1849: $? = 127
configure:1838:  -v >&5
configure: line 1840: -v: command not found
configure:1849: $? = 127
configure:1838:  -V >&5
configure: line 1840: -V: command not found
configure:1849: $? = 127
configure:1838:  -qversion >&5
configure: line 1840: -qversion: command not found
configure:1849: $? = 127
configure:1864: checking whether the Fortran compiler works
configure:1886:     conftest.f  >&5
configure: line 1888: conftest.f: command not found
configure:1890: $? = 127
configure:1928: result: no
configure: failed program was:
|       program main
| 
|       end
configure:1933: error: in `/Users/jah5/Dropbox/GGADT':
configure:1935: error: Fortran compiler cannot create executables
See `config.log' for more details

## ---------------- ##
## Cache variables. ##
## ---------------- ##

ac_cv_env_FCFLAGS_set=
ac_cv_env_FCFLAGS_value=
ac_cv_env_FC_set=
ac_cv_env_FC_value=
ac_cv_env_LDFLAGS_set=
ac_cv_env_LDFLAGS_value=
ac_cv_env_LIBS_set=
ac_cv_env_LIBS_value=
ac_cv_env_build_alias_set=
ac_cv_env_build_alias_value=
ac_cv_env_host_alias_set=
ac_cv_env_host_alias_value=
ac_cv_env_target_alias_set=
ac_cv_env_target_alias_value=

## ----------------- ##
## Output variables. ##
## ----------------- ##

DEFS=''
ECHO_C=''
ECHO_N='-n'
ECHO_T=''
EXEEXT=''
FC=''
FCFLAGS=''
LDFLAGS=''
LIBOBJS=''
LIBS=''
LTLIBOBJS=''
OBJEXT=''
PACKAGE_BUGREPORT=''
PACKAGE_NAME='ggadt'
PACKAGE_STRING='ggadt v0.16'
PACKAGE_TARNAME='ggadt'
PACKAGE_URL=''
PACKAGE_VERSION='v0.16'
PATH_SEPARATOR=':'
SHELL='/bin/sh'
ac_ct_FC=''
bindir='${exec_prefix}/bin'
build_alias=''
datadir='${datarootdir}'
datarootdir='${prefix}/share'
docdir='${datarootdir}/doc/${PACKAGE_TARNAME}'
dvidir='${docdir}'
exec_prefix='NONE'
host_alias=''
htmldir='${docdir}'
includedir='${prefix}/include'
infodir='${datarootdir}/info'
libdir='${exec_prefix}/lib'
libexecdir='${exec_prefix}/libexec'
localedir='${datarootdir}/locale'
localstatedir='${prefix}/var'
mandir='${datarootdir}/man'
oldincludedir='/usr/include'
pdfdir='${docdir}'
prefix='NONE'
program_transform_name='s,x,x,'
psdir='${docdir}'
sbindir='${exec_prefix}/sbin'
sharedstatedir='${prefix}/com'
sysconfdir='${prefix}/etc'
target_alias=''

## ----------- ##
## confdefs.h. ##
## ----------- ##

/* confdefs.h */
#define PACKAGE_NAME "ggadt"
#define PACKAGE_TARNAME "ggadt"
#define PACKAGE_VERSION "v0.16"
#define PACKAGE_STRING "ggadt v0.16"
#define PACKAGE_BUGREPORT ""
#define PACKAGE_URL ""

configure: exit 77
