This is pdfTeX, Version 3.1415926-2.5-1.40.14 (TeX Live 2013) (format=pdfetex 2013.5.30)  26 MAR 2014 08:43
entering extended mode
 restricted \write18 enabled.
 file:line:error style messages enabled.
 %&-line parsing enabled.
**\nonstopmode \input /Users/jah5/Desktop/Draine_temp/GGADT_JohnsMac/GGADT/doc/
ggadt.texi
(/Users/jah5/Desktop/Draine_temp/GGADT_JohnsMac/GGADT/doc/ggadt.texi
(./texinfo.tex Loading texinfo [version 2013-02-01.11]:
\bindingoffset=\dimen16
\normaloffset=\dimen17
\pagewidth=\dimen18
\pageheight=\dimen19
\outerhsize=\dimen20
\outervsize=\dimen21
\cornerlong=\dimen22
\cornerthick=\dimen23
\topandbottommargin=\dimen24
\headlinebox=\box16
\footlinebox=\box17
\margin=\insert252
\EMsimple=\toks13
\groupbox=\box18
\groupinvalidhelp=\toks14
\mil=\dimen25
\exdentamount=\skip18
\inmarginspacing=\skip19
\centerpenalty=\count27
 pdf,
\tempnum=\count28
\lnkcount=\count29
\filename=\toks15
\filenamelength=\count30
\pgn=\count31
\toksA=\toks16
\toksB=\toks17
\toksC=\toks18
\toksD=\toks19
\boxA=\box19
\countA=\count32
\nopdfimagehelp=\toks20
 fonts,
\sffam=\fam8
\textleading=\dimen26
 markup,
\fontdepth=\count33

glyphs,
\errorbox=\box20
 page headings,
\titlepagetopglue=\skip20
\titlepagebottomglue=\skip21
\evenheadline=\toks21
\oddheadline=\toks22
\evenfootline=\toks23
\oddfootline=\toks24
 tables,
\tableindent=\dimen27
\itemindent=\dimen28
\itemmargin=\dimen29
\itemmax=\dimen30
\itemno=\count34
\multitableparskip=\skip22
\multitableparindent=\skip23
\multitablecolspace=\dimen31
\multitablelinespace=\skip24
\colcount=\count35
\everytab=\toks25
 conditionals,
\doignorecount=\count36
 indexing,
\whatsitskip=\skip25
\whatsitpenalty=\count37
\secondaryindent=\skip26
\partialpage=\box21
\doublecolumnhsize=\dimen32
 sectioning,
\unnumberedno=\count38
\chapno=\count39
\secno=\count40
\subsecno=\count41
\subsubsecno=\count42
\appendixno=\count43
\absseclevel=\count44
\secbase=\count45
\chapheadingskip=\skip27
\secheadingskip=\skip28
\subsecheadingskip=\skip29
 toc,
\tocfile=\write0
\contentsrightmargin=\skip30
\savepageno=\count46
\lastnegativepageno=\count47
\tocindent=\dimen33

environments,
\lispnarrowing=\skip31
\envskipamount=\skip32
\circthick=\dimen34
\cartouter=\dimen35
\cartinner=\dimen36
\normbskip=\skip33
\normpskip=\skip34
\normlskip=\skip35
\lskip=\skip36
\rskip=\skip37
\nonfillparindent=\dimen37
\tabw=\dimen38
\verbbox=\box22
 defuns,
\defbodyindent=\skip38
\defargsindent=\skip39
\deflastargmargin=\skip40
\defunpenalty=\count48
\parencount=\count49
\brackcount=\count50
 macros,
\paramno=\count51
\macname=\toks26
 cross references,
\auxfile=\write1
\savesfregister=\count52
\toprefbox=\box23
\printedrefnamebox=\box24
\infofilenamebox=\box25
\printedmanualbox=\box26
 insertions,
\footnoteno=\count53
\SAVEfootins=\box27
\SAVEmargin=\box28

(/usr/local/texlive/2013/texmf-dist/tex/generic/epsf/epsf.tex
This is `epsf.tex' v2.7.4 <14 February 2011>
\epsffilein=\read1
\epsfframemargin=\dimen39
\epsfframethickness=\dimen40
\epsfrsize=\dimen41
\epsftmp=\dimen42
\epsftsize=\dimen43
\epsfxsize=\dimen44
\epsfysize=\dimen45
\pspoints=\dimen46
)
\noepsfhelp=\toks27
 localization,
\nolanghelp=\toks28
\countUTFx=\count54
\countUTFy=\count55
\countUTFz=\count56
 formatting,
\defaultparindent=\dimen47
 and turning on texinfo input format.)
\openout1 = `ggadt.aux'.

@cpindfile=@write2
@fnindfile=@write3
@vrindfile=@write4
@tpindfile=@write5
@kyindfile=@write6
@pgindfile=@write7
texinfo.tex: doing @include of version.texi


(./version.texi)
@opindfile=@write8
 [1
\openout2 = `ggadt.cp'.

\openout3 = `ggadt.fn'.

\openout4 = `ggadt.vr'.

\openout5 = `ggadt.tp'.

\openout6 = `ggadt.ky'.

\openout7 = `ggadt.pg'.

\openout8 = `ggadt.op'.

{/usr/local/texlive/2013/texmf-var/fonts/map/pdftex/updmap/pdftex.map}] [2] [-1
] Chapter 1
\openout0 = `ggadt.toc'.


/Users/jah5/Desktop/Draine_temp/GGADT_JohnsMac/GGADT/doc/ggadt.texi:76: Undefin
ed control sequence.
<argument> ka_{eff} \lesssim 
                             1
\finishmath #1->#1
                  $\endgroup 
l.76 ...y is valid when @math{ka_{eff} \lesssim 1}
                                                  , where @math{k} is the wa...
The control sequence at the end of the top line
of your error message was never \def'ed. If you have
misspelled it (e.g., `\hobx'), type `I' and the correct
spelling (e.g., `I\hbox'). Otherwise just continue,
and I'll forget about whatever was undefined.

[1]
/Users/jah5/Desktop/Draine_temp/GGADT_JohnsMac/GGADT/doc/ggadt.texi:123: Undefi
ned control sequence.
<argument> U_{sca}(r\vec {n}) = U_0\frac 
                                         {\exp {(ikr)}}{kr}S(\vec {n})
\finishmath #1->#1
                  $\endgroup 
l.123 ...}) = U_0\frac{\exp{(ikr)}}{kr}S(\vec{n})}
                                                  @*
The control sequence at the end of the top line
of your error message was never \def'ed. If you have
misspelled it (e.g., `\hobx'), type `I' and the correct
spelling (e.g., `I\hbox'). Otherwise just continue,
and I'll forget about whatever was undefined.

/Users/jah5/Desktop/Draine_temp/GGADT_JohnsMac/GGADT/doc/ggadt.texi:124: Undefi
ned control sequence.
<argument> S(\vec {n}) = S(k_x, k_y) = \frac 
                                             {k^2}{2\pi }\int \exp {[i(k_xx+...

\finishmath #1->#1
                  $\endgroup 
l.124 ...2\pi}\int \exp{[i(k_xx+k_yy)]}f(x,y)dxdy}
                                                  @*
The control sequence at the end of the top line
of your error message was never \def'ed. If you have
misspelled it (e.g., `\hobx'), type `I' and the correct
spelling (e.g., `I\hbox'). Otherwise just continue,
and I'll forget about whatever was undefined.

/Users/jah5/Desktop/Draine_temp/GGADT_JohnsMac/GGADT/doc/ggadt.texi:129: Undefi
ned control sequence.
<argument> \frac 
                 {d\sigma _{sca}}{d\Omega }(\vec {n}) = \frac {|S(\vec {n})|...

\finishmath #1->#1
                  $\endgroup 
l.129 ...a}(\vec{n}) = \frac{|S(\vec{n})|^2}{k^2}}
                                                  
The control sequence at the end of the top line
of your error message was never \def'ed. If you have
misspelled it (e.g., `\hobx'), type `I' and the correct
spelling (e.g., `I\hbox'). Otherwise just continue,
and I'll forget about whatever was undefined.

/Users/jah5/Desktop/Draine_temp/GGADT_JohnsMac/GGADT/doc/ggadt.texi:129: Undefi
ned control sequence.
<argument> ..._{sca}}{d\Omega }(\vec {n}) = \frac 
                                                  {|S(\vec {n})|^2}{k^2}
\finishmath #1->#1
                  $\endgroup 
l.129 ...a}(\vec{n}) = \frac{|S(\vec{n})|^2}{k^2}}
                                                  
The control sequence at the end of the top line
of your error message was never \def'ed. If you have
misspelled it (e.g., `\hobx'), type `I' and the correct
spelling (e.g., `I\hbox'). Otherwise just continue,
and I'll forget about whatever was undefined.

Chapter 2 [2] Chapter 3 [3] [4] [5]
Underfull \hbox (badness 7308) in paragraph at lines 381--382
 @textrm wis-dom is saved in @texttt $HOME/.ggadt/plans[]@textrm . For more in-
for-ma-tion

@hbox(7.60416+2.43333)x433.62, glue set 4.18376
.@glue(@leftskip) 57.81621
.@textrm w
.@textrm i
.@textrm s
.@discretionary
..@textrm -
.etc.

 <./RMS_ngrain_nscatter.png> [6] Chapter 4 [7] <./sample-sphere.png> [8] <./sam
ple-ellipsoid.png> [9] <./sample-spheres.png> [10] Chapter 5 [11] <./DA06_f1_sp
heres.png> <./da06_spheres_actual.png> [12] <./DA06_f2_ellipsoids.png> <./da06_
ellipsoids_actual.png> [13] <./HD09_f3.png> Chapter 6 [14] [15] <./timing_actua
l_time.png> [16] <./timing_relative_to_gpfa.png> [17] Appendix A [18]
texinfo.tex: doing @include of fdl.texi


(./fdl.texi [19] [20] [21] [22] [23] [24] [25]) (Concept index) [26] [27] ) 
Here is how much of TeX's memory you used:
 1927 strings out of 494893
 23246 string characters out of 6152897
 62431 words of memory out of 5000000
 3384 multiletter control sequences out of 15000+600000
 32127 words of font info for 112 fonts, out of 8000000 for 9000
 1269 hyphenation exceptions out of 8191
 14i,6n,16p,880b,579s stack positions out of 5000i,500n,10000p,200000b,80000s
</us
r/local/texlive/2013/texmf-dist/fonts/type1/public/amsfonts/cm/cmb10.pfb></usr/
local/texlive/2013/texmf-dist/fonts/type1/public/amsfonts/cm/cmbx12.pfb></usr/l
ocal/texlive/2013/texmf-dist/fonts/type1/public/amsfonts/cm/cmex10.pfb></usr/lo
cal/texlive/2013/texmf-dist/fonts/type1/public/amsfonts/cm/cmmi10.pfb></usr/loc
al/texlive/2013/texmf-dist/fonts/type1/public/amsfonts/cm/cmmi7.pfb></usr/local
/texlive/2013/texmf-dist/fonts/type1/public/amsfonts/cm/cmr10.pfb></usr/local/t
exlive/2013/texmf-dist/fonts/type1/public/amsfonts/cm/cmr7.pfb></usr/local/texl
ive/2013/texmf-dist/fonts/type1/public/amsfonts/cm/cmr9.pfb></usr/local/texlive
/2013/texmf-dist/fonts/type1/public/amsfonts/cm/cmsl10.pfb></usr/local/texlive/
2013/texmf-dist/fonts/type1/public/amsfonts/cm/cmsltt10.pfb></usr/local/texlive
/2013/texmf-dist/fonts/type1/public/amsfonts/cm/cmsy10.pfb></usr/local/texlive/
2013/texmf-dist/fonts/type1/public/amsfonts/cm/cmsy7.pfb></usr/local/texlive/20
13/texmf-dist/fonts/type1/public/amsfonts/cm/cmti10.pfb></usr/local/texlive/201
3/texmf-dist/fonts/type1/public/amsfonts/cm/cmtt10.pfb></usr/local/texlive/2013
/texmf-dist/fonts/type1/public/amsfonts/cm/cmtt12.pfb></usr/local/texlive/2013/
texmf-dist/fonts/type1/public/amsfonts/cm/cmtt9.pfb>
Output written on ggadt.pdf (30 pages, 989598 bytes).
PDF statistics:
 249 PDF objects out of 1000 (max. 8388607)
 176 compressed objects within 2 object streams
 36 named destinations out of 1000 (max. 500000)
 68 words of extra memory for PDF output out of 10000 (max. 10000000)

